# JRE version: OpenJDK Runtime Environment (21.0.5) (build 21.0.5+-13047016-b750.29)
# Java VM: OpenJDK 64-Bit Server VM (21.0.5+-13047016-b750.29, mixed mode, tiered, compressed oops, compressed class ptrs, g1 gc, windows-amd64)
GC Precious Log:
 CardTable entry size: 512
 Card Set container configuration: InlinePtr #cards 5 size 8 Array Of Cards #cards 12 size 40 Howl #buckets 4 coarsen threshold 1843 Howl Bitmap #cards 512 size 80 coarsen threshold 460 Card regions per heap region 1 cards per card region 2048
 CPUs: 6 total, 6 available
 Memory: 7547M
 Large Page Support: Disabled
 NUMA Support: Disabled
 Compressed Oops: Enabled (32-bit)
 Heap Region Size: 1M
 Heap Min Capacity: 8M
 Heap Initial Capacity: 118M
 Heap Max Capacity: 2G
 Pre-touch: Disabled
 Parallel Workers: 6
 Concurrent Workers: 2
 Concurrent Refinement Workers: 6
 Periodic GC: Disabled
Heap:
 garbage-first heap   total 86016K, used 62296K [0x0000000080000000, 0x0000000100000000)
  region size 1024K, 21 young (21504K), 2 survivors (2048K)
 Metaspace       used 66655K, committed 68288K, reserved 1114112K
  class space    used 9044K, committed 9856K, reserved 1048576K
GC Heap History (20 events):
Event: 8.214 GC heap before
{Heap before GC invocations=7 (full 0):
 garbage-first heap   total 71680K, used 49242K [0x0000000080000000, 0x0000000100000000)
  region size 1024K, 31 young (31744K), 5 survivors (5120K)
 Metaspace       used 35290K, committed 36096K, reserved 1114112K
  class space    used 4719K, committed 5120K, reserved 1048576K
}
Event: 8.219 GC heap after
{Heap after GC invocations=8 (full 0):
 garbage-first heap   total 71680K, used 26102K [0x0000000080000000, 0x0000000100000000)
  region size 1024K, 2 young (2048K), 2 survivors (2048K)
 Metaspace       used 35290K, committed 36096K, reserved 1114112K
  class space    used 4719K, committed 5120K, reserved 1048576K
}
Event: 8.837 GC heap before
{Heap before GC invocations=9 (full 0):
 garbage-first heap   total 71680K, used 59894K [0x0000000080000000, 0x0000000100000000)
  region size 1024K, 35 young (35840K), 2 survivors (2048K)
 Metaspace       used 39615K, committed 40832K, reserved 1114112K
  class space    used 5435K, committed 6016K, reserved 1048576K
}
Event: 8.840 GC heap after
{Heap after GC invocations=10 (full 0):
 garbage-first heap   total 71680K, used 27607K [0x0000000080000000, 0x0000000100000000)
  region size 1024K, 3 young (3072K), 3 survivors (3072K)
 Metaspace       used 39615K, committed 40832K, reserved 1114112K
  class space    used 5435K, committed 6016K, reserved 1048576K
}
Event: 9.312 GC heap before
{Heap before GC invocations=10 (full 0):
 garbage-first heap   total 71680K, used 61399K [0x0000000080000000, 0x0000000100000000)
  region size 1024K, 37 young (37888K), 3 survivors (3072K)
 Metaspace       used 45695K, committed 46912K, reserved 1114112K
  class space    used 6077K, committed 6656K, reserved 1048576K
}
Event: 9.318 GC heap after
{Heap after GC invocations=11 (full 0):
 garbage-first heap   total 71680K, used 31276K [0x0000000080000000, 0x0000000100000000)
  region size 1024K, 5 young (5120K), 5 survivors (5120K)
 Metaspace       used 45695K, committed 46912K, reserved 1114112K
  class space    used 6077K, committed 6656K, reserved 1048576K
}
Event: 9.490 GC heap before
{Heap before GC invocations=11 (full 0):
 garbage-first heap   total 71680K, used 60972K [0x0000000080000000, 0x0000000100000000)
  region size 1024K, 34 young (34816K), 5 survivors (5120K)
 Metaspace       used 46732K, committed 48064K, reserved 1114112K
  class space    used 6240K, committed 6912K, reserved 1048576K
}
Event: 9.494 GC heap after
{Heap after GC invocations=12 (full 0):
 garbage-first heap   total 86016K, used 33497K [0x0000000080000000, 0x0000000100000000)
  region size 1024K, 2 young (2048K), 2 survivors (2048K)
 Metaspace       used 46732K, committed 48064K, reserved 1114112K
  class space    used 6240K, committed 6912K, reserved 1048576K
}
Event: 10.417 GC heap before
{Heap before GC invocations=12 (full 0):
 garbage-first heap   total 86016K, used 74457K [0x0000000080000000, 0x0000000100000000)
  region size 1024K, 42 young (43008K), 2 survivors (2048K)
 Metaspace       used 50950K, committed 52480K, reserved 1114112K
  class space    used 6934K, committed 7680K, reserved 1048576K
}
Event: 10.420 GC heap after
{Heap after GC invocations=13 (full 0):
 garbage-first heap   total 86016K, used 36057K [0x0000000080000000, 0x0000000100000000)
  region size 1024K, 5 young (5120K), 5 survivors (5120K)
 Metaspace       used 50950K, committed 52480K, reserved 1114112K
  class space    used 6934K, committed 7680K, reserved 1048576K
}
Event: 11.202 GC heap before
{Heap before GC invocations=13 (full 0):
 garbage-first heap   total 86016K, used 77017K [0x0000000080000000, 0x0000000100000000)
  region size 1024K, 43 young (44032K), 5 survivors (5120K)
 Metaspace       used 56954K, committed 58560K, reserved 1114112K
  class space    used 7657K, committed 8448K, reserved 1048576K
}
Event: 11.205 GC heap after
{Heap after GC invocations=14 (full 0):
 garbage-first heap   total 86016K, used 37702K [0x0000000080000000, 0x0000000100000000)
  region size 1024K, 5 young (5120K), 5 survivors (5120K)
 Metaspace       used 56954K, committed 58560K, reserved 1114112K
  class space    used 7657K, committed 8448K, reserved 1048576K
}
Event: 11.418 GC heap before
{Heap before GC invocations=14 (full 0):
 garbage-first heap   total 86016K, used 51014K [0x0000000080000000, 0x0000000100000000)
  region size 1024K, 19 young (19456K), 5 survivors (5120K)
 Metaspace       used 58958K, committed 60416K, reserved 1114112K
  class space    used 7962K, committed 8704K, reserved 1048576K
}
Event: 11.421 GC heap after
{Heap after GC invocations=15 (full 0):
 garbage-first heap   total 86016K, used 38372K [0x0000000080000000, 0x0000000100000000)
  region size 1024K, 3 young (3072K), 3 survivors (3072K)
 Metaspace       used 58958K, committed 60416K, reserved 1114112K
  class space    used 7962K, committed 8704K, reserved 1048576K
}
Event: 12.125 GC heap before
{Heap before GC invocations=16 (full 0):
 garbage-first heap   total 86016K, used 76260K [0x0000000080000000, 0x0000000100000000)
  region size 1024K, 40 young (40960K), 3 survivors (3072K)
 Metaspace       used 63874K, committed 65536K, reserved 1114112K
  class space    used 8760K, committed 9600K, reserved 1048576K
}
Event: 12.129 GC heap after
{Heap after GC invocations=17 (full 0):
 garbage-first heap   total 86016K, used 40905K [0x0000000080000000, 0x0000000100000000)
  region size 1024K, 5 young (5120K), 5 survivors (5120K)
 Metaspace       used 63874K, committed 65536K, reserved 1114112K
  class space    used 8760K, committed 9600K, reserved 1048576K
}
Event: 13.152 GC heap before
{Heap before GC invocations=17 (full 0):
 garbage-first heap   total 86016K, used 74697K [0x0000000080000000, 0x0000000100000000)
  region size 1024K, 38 young (38912K), 5 survivors (5120K)
 Metaspace       used 65999K, committed 67712K, reserved 1114112K
  class space    used 9010K, committed 9856K, reserved 1048576K
}
Event: 13.160 GC heap after
{Heap after GC invocations=18 (full 0):
 garbage-first heap   total 86016K, used 43008K [0x0000000080000000, 0x0000000100000000)
  region size 1024K, 5 young (5120K), 5 survivors (5120K)
 Metaspace       used 65999K, committed 67712K, reserved 1114112K
  class space    used 9010K, committed 9856K, reserved 1048576K
}
Event: 13.771 GC heap before
{Heap before GC invocations=18 (full 0):
 garbage-first heap   total 86016K, used 74752K [0x0000000080000000, 0x0000000100000000)
  region size 1024K, 37 young (37888K), 5 survivors (5120K)
 Metaspace       used 66530K, committed 68224K, reserved 1114112K
  class space    used 9037K, committed 9856K, reserved 1048576K
}
Event: 13.777 GC heap after
{Heap after GC invocations=19 (full 0):
 garbage-first heap   total 86016K, used 44888K [0x0000000080000000, 0x0000000100000000)
  region size 1024K, 2 young (2048K), 2 survivors (2048K)
 Metaspace       used 66530K, committed 68224K, reserved 1114112K
  class space    used 9037K, committed 9856K, reserved 1048576K
}

